<?xml version="1.0" encoding="UTF-8"?>
<!-- Generated by org.testng.reporters.JUnitXMLReporter -->
<testsuite hostname="AmitPC" ignored="0" name="Default test" tests="5" failures="0" timestamp="08 Jan 2021 19:07:57 GMT" time="0.065" errors="0">
  <testcase name="aharjaicomputer" time="0.014" classname="com.app.pages.Test_NG_Example"/>
  <testcase name="harjai" time="0.002" classname="com.app.pages.Test_NG_Example"/>
  <testcase name="print" time="0.0" classname="com.app.pages.Test_NG_Example"/>
  <testcase name="amper" time="0.001" classname="com.app.pages.Test_NG_Example"/>
  <testcase name="show" time="0.0" classname="com.app.pages.Test_NG_Example"/>
</testsuite> <!-- Default test -->
