<?xml version="1.0" encoding="UTF-8"?>
<!-- Generated by org.testng.reporters.JUnitXMLReporter -->
<testsuite hostname="AmitPC" ignored="0" name="testsuite6" tests="3" failures="0" timestamp="01 Sep 2020 13:11:28 GMT" time="25.758" errors="0">
  <testcase name="launchbrower" time="15.406" classname="com.app.GetData.Demo_1"/>
  <testcase name="login" time="9.521" classname="com.app.GetData.Demo_1"/>
  <testcase name="close" time="0.782" classname="com.app.GetData.Demo_1"/>
</testsuite> <!-- testsuite6 -->
